0 info it worked if it ends with ok
1 verbose cli [ '/usr/local/Cellar/node/5.10.0/bin/node',
1 verbose cli   '/usr/local/bin/npm',
1 verbose cli   'start' ]
2 info using npm@3.10.5
3 info using node@v5.10.0
4 verbose run-script [ 'prestart', 'start', 'poststart' ]
5 info lifecycle dataviz-d3js@1.0.0~prestart: dataviz-d3js@1.0.0
6 silly lifecycle dataviz-d3js@1.0.0~prestart: no script for prestart, continuing
7 info lifecycle dataviz-d3js@1.0.0~start: dataviz-d3js@1.0.0
8 verbose lifecycle dataviz-d3js@1.0.0~start: unsafe-perm in lifecycle true
9 verbose lifecycle dataviz-d3js@1.0.0~start: PATH: /usr/local/lib/node_modules/npm/bin/node-gyp-bin:/Users/jos/dev/git/dataviz-d3js/node_modules/.bin:/usr/local/Cellar/node/5.10.0/bin:/Users/jos/.rvm/gems/ruby-2.3.1/bin:/Users/jos/.rvm/gems/ruby-2.3.1@global/bin:/Users/jos/.rvm/rubies/ruby-2.3.1/bin:/usr/local/opt/gnu-sed/libexec/gnubin:/Users/jos/bin:/Users/jos/.tmuxifier/bin:/usr/local/bin:/usr/bin:/bin:/usr/sbin:/sbin:/opt/X11/bin:/usr/local/go/bin:/Users/jos/.rvm/bin
10 verbose lifecycle dataviz-d3js@1.0.0~start: CWD: /Users/jos/dev/git/dataviz-d3js
11 silly lifecycle dataviz-d3js@1.0.0~start: Args: [ '-c', 'gulp' ]
12 silly lifecycle dataviz-d3js@1.0.0~start: Returned: code: 1  signal: null
13 info lifecycle dataviz-d3js@1.0.0~start: Failed to exec start script
14 verbose stack Error: dataviz-d3js@1.0.0 start: `gulp`
14 verbose stack Exit status 1
14 verbose stack     at EventEmitter.<anonymous> (/usr/local/lib/node_modules/npm/lib/utils/lifecycle.js:242:16)
14 verbose stack     at emitTwo (events.js:100:13)
14 verbose stack     at EventEmitter.emit (events.js:185:7)
14 verbose stack     at ChildProcess.<anonymous> (/usr/local/lib/node_modules/npm/lib/utils/spawn.js:40:14)
14 verbose stack     at emitTwo (events.js:100:13)
14 verbose stack     at ChildProcess.emit (events.js:185:7)
14 verbose stack     at maybeClose (internal/child_process.js:850:16)
14 verbose stack     at Process.ChildProcess._handle.onexit (internal/child_process.js:215:5)
15 verbose pkgid dataviz-d3js@1.0.0
16 verbose cwd /Users/jos/dev/git/dataviz-d3js/src/chapter-04/data
17 error Darwin 14.3.0
18 error argv "/usr/local/Cellar/node/5.10.0/bin/node" "/usr/local/bin/npm" "start"
19 error node v5.10.0
20 error npm  v3.10.5
21 error code ELIFECYCLE
22 error dataviz-d3js@1.0.0 start: `gulp`
22 error Exit status 1
23 error Failed at the dataviz-d3js@1.0.0 start script 'gulp'.
23 error Make sure you have the latest version of node.js and npm installed.
23 error If you do, this is most likely a problem with the dataviz-d3js package,
23 error not with npm itself.
23 error Tell the author that this fails on your system:
23 error     gulp
23 error You can get information on how to open an issue for this project with:
23 error     npm bugs dataviz-d3js
23 error Or if that isn't available, you can get their info via:
23 error     npm owner ls dataviz-d3js
23 error There is likely additional logging output above.
24 verbose exit [ 1, true ]
